
WISCalculator v1.0
Author Derek Hower (drh5@cs.wisc.edu)
Type "help" for more information

Loading program...
Executing...
lbi r1, 1
INUM:        0 PC: 0x0000 REG: 1 VALUE: 0x0001
lbi r2, 2
INUM:        1 PC: 0x0002 REG: 2 VALUE: 0x0002
lbi r3, 3
INUM:        2 PC: 0x0004 REG: 3 VALUE: 0x0003
nop
INUM:        3 PC: 0x0006
addi r4, r1, 1
INUM:        4 PC: 0x0008 REG: 4 VALUE: 0x0002
addi r5, r2, 2
INUM:        5 PC: 0x000a REG: 5 VALUE: 0x0004
addi r6, r3, 3
INUM:        6 PC: 0x000c REG: 6 VALUE: 0x0006
halt
program halted
INUM:        7 PC: 0x000e
Program Finished
